

Microchip MPLAB XC8 Assembler V2.35 build 20211206165544 
                                                                                               Sat May 14 13:33:17 2022

Microchip MPLAB XC8 C Compiler v2.35 (Free license) build 20211206165544 Og1 
     1                           	processor	16F628A
     2                           	pagewidth 120
     3                           	opt	flic
     4                           	psect	cinit,global,class=CODE,merge=1,delta=2
     5                           	psect	cstackCOMMON,global,class=COMMON,space=1,delta=1,noexec
     6                           	psect	maintext,global,class=CODE,split=1,delta=2
     7                           	psect	text1,local,class=CODE,merge=1,delta=2
     8                           	psect	config,global,abs,ovrld,class=CONFIG,space=4,delta=2,noexec
     9                           	dabs	1,0x7E,2
    10  0000                     
    11                           ; Version 2.35
    12                           ; Generated 06/12/2021 GMT
    13                           ; 
    14                           ; Copyright © 2021, Microchip Technology Inc. and its subsidiaries ("Microchip")
    15                           ; All rights reserved.
    16                           ; 
    17                           ; This software is developed by Microchip Technology Inc. and its subsidiaries ("Microch
      +                          ip").
    18                           ; 
    19                           ; Redistribution and use in source and binary forms, with or without modification, are
    20                           ; permitted provided that the following conditions are met:
    21                           ; 
    22                           ;     1. Redistributions of source code must retain the above copyright notice, this lis
      +                          t of
    23                           ;        conditions and the following disclaimer.
    24                           ; 
    25                           ;     2. Redistributions in binary form must reproduce the above copyright notice, this 
      +                          list
    26                           ;        of conditions and the following disclaimer in the documentation and/or other
    27                           ;        materials provided with the distribution. Publication is not required when
    28                           ;        this file is used in an embedded application.
    29                           ; 
    30                           ;     3. Microchip's name may not be used to endorse or promote products derived from th
      +                          is
    31                           ;        software without specific prior written permission.
    32                           ; 
    33                           ; THIS SOFTWARE IS PROVIDED BY MICROCHIP "AS IS" AND ANY EXPRESS OR IMPLIED WARRANTIES,
    34                           ; INCLUDING, BUT NOT LIMITED TO, THE IMPLIED WARRANTIES OF MERCHANTABILITY AND FITNESS F
      +                          OR
    35                           ; PURPOSE ARE DISCLAIMED.  IN NO EVENT SHALL MICROCHIP BE LIABLE FOR ANY DIRECT, INDIREC
      +                          T,
    36                           ; INCIDENTAL, SPECIAL, EXEMPLARY, OR CONSEQUENTIAL DAMAGES (INCLUDING BUT NOT LIMITED TO
    37                           ; PROCUREMENT OF SUBSTITUTE GOODS OR SERVICES; LOSS OF USE, DATA OR PROFITS; OR BUSINESS
    38                           ; INTERRUPTION) HOWSOEVER CAUSED AND ON ANY THEORY OF LIABILITY, WHETHER IN CONTRACT, ST
      +                          RICT
    39                           ; LIABILITY, OR TORT (INCLUDING NEGLIGENCE OR OTHERWISE) ARISING IN ANY WAY OUT OF THE U
      +                          SE OF
    40                           ; THIS SOFTWARE, EVEN IF ADVISED OF THE POSSIBILITY OF SUCH DAMAGE.
    41                           ; 
    42                           ; 
    43                           ; Code-generator required, PIC16F628A Definitions
    44                           ; 
    45                           ; SFR Addresses
    46  0000                     	;# 
    47  0001                     	;# 
    48  0002                     	;# 
    49  0003                     	;# 
    50  0004                     	;# 
    51  0005                     	;# 
    52  0006                     	;# 
    53  000A                     	;# 
    54  000B                     	;# 
    55  000C                     	;# 
    56  000E                     	;# 
    57  000E                     	;# 
    58  000F                     	;# 
    59  0010                     	;# 
    60  0011                     	;# 
    61  0012                     	;# 
    62  0015                     	;# 
    63  0015                     	;# 
    64  0016                     	;# 
    65  0017                     	;# 
    66  0018                     	;# 
    67  0019                     	;# 
    68  001A                     	;# 
    69  001F                     	;# 
    70  0081                     	;# 
    71  0085                     	;# 
    72  0086                     	;# 
    73  008C                     	;# 
    74  008E                     	;# 
    75  0092                     	;# 
    76  0098                     	;# 
    77  0099                     	;# 
    78  009A                     	;# 
    79  009B                     	;# 
    80  009C                     	;# 
    81  009D                     	;# 
    82  009F                     	;# 
    83  0000                     	;# 
    84  0001                     	;# 
    85  0002                     	;# 
    86  0003                     	;# 
    87  0004                     	;# 
    88  0005                     	;# 
    89  0006                     	;# 
    90  000A                     	;# 
    91  000B                     	;# 
    92  000C                     	;# 
    93  000E                     	;# 
    94  000E                     	;# 
    95  000F                     	;# 
    96  0010                     	;# 
    97  0011                     	;# 
    98  0012                     	;# 
    99  0015                     	;# 
   100  0015                     	;# 
   101  0016                     	;# 
   102  0017                     	;# 
   103  0018                     	;# 
   104  0019                     	;# 
   105  001A                     	;# 
   106  001F                     	;# 
   107  0081                     	;# 
   108  0085                     	;# 
   109  0086                     	;# 
   110  008C                     	;# 
   111  008E                     	;# 
   112  0092                     	;# 
   113  0098                     	;# 
   114  0099                     	;# 
   115  009A                     	;# 
   116  009B                     	;# 
   117  009C                     	;# 
   118  009D                     	;# 
   119  009F                     	;# 
   120  0006                     _PORTB	set	6
   121  0086                     _TRISB	set	134
   122                           
   123                           	psect	cinit
   124  07FE                     start_initialization:	
   125                           ; #config settings
   126                           
   127  07FE                     __initialization:
   128  07FE                     end_of_initialization:	
   129                           ;End of C runtime variable initialization code
   130                           
   131  07FE                     __end_of__initialization:
   132  07FE  0183               	clrf	3
   133  07FF  2FC2               	ljmp	_main	;jump to C main() function
   134                           
   135                           	psect	cstackCOMMON
   136  0070                     __pcstackCOMMON:
   137  0070                     ?_DelaySeconds:
   138  0070                     ??_DelaySeconds:	
   139                           ; 1 bytes @ 0x0
   140                           
   141  0070                     ?_main:	
   142                           ; 1 bytes @ 0x0
   143                           
   144                           
   145                           ; 2 bytes @ 0x0
   146  0070                     	ds	2
   147  0072                     DelaySeconds@s:
   148                           
   149                           ; 1 bytes @ 0x2
   150  0072                     	ds	1
   151  0073                     DelaySeconds@j:
   152                           
   153                           ; 1 bytes @ 0x3
   154  0073                     	ds	1
   155  0074                     DelaySeconds@i:
   156                           
   157                           ; 1 bytes @ 0x4
   158  0074                     	ds	1
   159  0075                     ??_main:
   160                           
   161                           ; 1 bytes @ 0x5
   162  0075                     	ds	2
   163  0077                     main@I:
   164                           
   165                           ; 1 bytes @ 0x7
   166  0077                     	ds	1
   167                           
   168                           	psect	maintext
   169  07C2                     __pmaintext:	
   170 ;;
   171 ;;Main: autosize = 0, tempsize = 2, incstack = 0, save=0
   172 ;;
   173 ;; *************** function _main *****************
   174 ;; Defined at:
   175 ;;		line 45 in file "main.c"
   176 ;; Parameters:    Size  Location     Type
   177 ;;		None
   178 ;; Auto vars:     Size  Location     Type
   179 ;;  I               1    7[COMMON] unsigned char 
   180 ;; Return value:  Size  Location     Type
   181 ;;                  2   18[None  ] int 
   182 ;; Registers used:
   183 ;;		wreg, status,2, status,0, pclath, cstack
   184 ;; Tracked objects:
   185 ;;		On entry : B00/0
   186 ;;		On exit  : 0/0
   187 ;;		Unchanged: 0/0
   188 ;; Data sizes:     COMMON   BANK0   BANK1   BANK2
   189 ;;      Params:         0       0       0       0
   190 ;;      Locals:         1       0       0       0
   191 ;;      Temps:          2       0       0       0
   192 ;;      Totals:         3       0       0       0
   193 ;;Total ram usage:        3 bytes
   194 ;; Hardware stack levels required when called: 1
   195 ;; This function calls:
   196 ;;		_DelaySeconds
   197 ;; This function is called by:
   198 ;;		Startup code after reset
   199 ;; This function uses a non-reentrant model
   200 ;;
   201                           
   202  07C2                     _main:	
   203                           ;psect for function _main
   204                           
   205  07C2                     l633:	
   206                           ;incstack = 0
   207                           ; Regs used in _main: [wreg+status,2+status,0+pclath+cstack]
   208                           
   209  07C2  01F7               	clrf	main@I
   210  07C3  0AF7               	incf	main@I,f
   211  07C4                     l635:
   212  07C4  1683               	bsf	3,5	;RP0=1, select bank1
   213  07C5  1303               	bcf	3,6	;RP1=0, select bank1
   214  07C6  0186               	clrf	6	;volatile
   215  07C7                     l637:
   216  07C7  0877               	movf	main@I,w
   217  07C8  1283               	bcf	3,5	;RP0=0, select bank0
   218  07C9  1303               	bcf	3,6	;RP1=0, select bank0
   219  07CA  0086               	movwf	6	;volatile
   220  07CB                     l639:
   221  07CB  3001               	movlw	1
   222  07CC  27DC               	fcall	_DelaySeconds
   223  07CD                     l641:
   224  07CD  0877               	movf	main@I,w
   225  07CE  00F5               	movwf	??_main
   226  07CF  0775               	addwf	??_main,w
   227  07D0  00F6               	movwf	??_main+1
   228  07D1  0876               	movf	??_main+1,w
   229  07D2  00F7               	movwf	main@I
   230  07D3                     l643:
   231  07D3  0877               	movf	main@I,w
   232  07D4  1D03               	btfss	3,2
   233  07D5  2FD7               	goto	u31
   234  07D6  2FD8               	goto	u30
   235  07D7                     u31:
   236  07D7  2FC7               	goto	l637
   237  07D8                     u30:
   238  07D8                     l645:
   239  07D8  01F7               	clrf	main@I
   240  07D9  0AF7               	incf	main@I,f
   241  07DA  2FC7               	goto	l637
   242  07DB  2800               	ljmp	start
   243  07DC                     __end_of_main:
   244                           
   245                           	psect	text1
   246  07DC                     __ptext1:	
   247 ;; *************** function _DelaySeconds *****************
   248 ;; Defined at:
   249 ;;		line 34 in file "main.c"
   250 ;; Parameters:    Size  Location     Type
   251 ;;  s               1    wreg     unsigned char 
   252 ;; Auto vars:     Size  Location     Type
   253 ;;  s               1    2[COMMON] unsigned char 
   254 ;;  i               1    4[COMMON] unsigned char 
   255 ;;  j               1    3[COMMON] unsigned char 
   256 ;; Return value:  Size  Location     Type
   257 ;;                  1    wreg      void 
   258 ;; Registers used:
   259 ;;		wreg, status,2, status,0
   260 ;; Tracked objects:
   261 ;;		On entry : 0/0
   262 ;;		On exit  : 0/0
   263 ;;		Unchanged: 0/0
   264 ;; Data sizes:     COMMON   BANK0   BANK1   BANK2
   265 ;;      Params:         0       0       0       0
   266 ;;      Locals:         3       0       0       0
   267 ;;      Temps:          2       0       0       0
   268 ;;      Totals:         5       0       0       0
   269 ;;Total ram usage:        5 bytes
   270 ;; Hardware stack levels used: 1
   271 ;; This function calls:
   272 ;;		Nothing
   273 ;; This function is called by:
   274 ;;		_main
   275 ;; This function uses a non-reentrant model
   276 ;;
   277                           
   278  07DC                     _DelaySeconds:	
   279                           ;psect for function _DelaySeconds
   280                           
   281                           
   282                           ;incstack = 0
   283                           ; Regs used in _DelaySeconds: [wreg+status,2+status,0]
   284                           ;DelaySeconds@s stored from wreg
   285  07DC  00F2               	movwf	DelaySeconds@s
   286  07DD                     l615:
   287  07DD  01F3               	clrf	DelaySeconds@j
   288  07DE  2FF7               	goto	l631
   289  07DF                     l617:
   290  07DF  01F4               	clrf	DelaySeconds@i
   291  07E0                     l623:
   292  07E0  300D               	movlw	13
   293  07E1  00F1               	movwf	??_DelaySeconds+1
   294  07E2  30FB               	movlw	251
   295  07E3  00F0               	movwf	??_DelaySeconds
   296  07E4                     u47:
   297  07E4  0BF0               	decfsz	??_DelaySeconds,f
   298  07E5  2FE4               	goto	u47
   299  07E6  0BF1               	decfsz	??_DelaySeconds+1,f
   300  07E7  2FE4               	goto	u47
   301  07E8  2FE9               	nop2
   302  07E9                     l625:
   303  07E9  3001               	movlw	1
   304  07EA  00F0               	movwf	??_DelaySeconds
   305  07EB  0870               	movf	??_DelaySeconds,w
   306  07EC  07F4               	addwf	DelaySeconds@i,f
   307  07ED                     l627:
   308  07ED  3064               	movlw	100
   309  07EE  0274               	subwf	DelaySeconds@i,w
   310  07EF  1C03               	skipc
   311  07F0  2FF2               	goto	u11
   312  07F1  2FF3               	goto	u10
   313  07F2                     u11:
   314  07F2  2FE0               	goto	l623
   315  07F3                     u10:
   316  07F3                     l629:
   317  07F3  3001               	movlw	1
   318  07F4  00F0               	movwf	??_DelaySeconds
   319  07F5  0870               	movf	??_DelaySeconds,w
   320  07F6  07F3               	addwf	DelaySeconds@j,f
   321  07F7                     l631:
   322  07F7  0872               	movf	DelaySeconds@s,w
   323  07F8  0273               	subwf	DelaySeconds@j,w
   324  07F9  1C03               	skipc
   325  07FA  2FFC               	goto	u21
   326  07FB  2FFD               	goto	u20
   327  07FC                     u21:
   328  07FC  2FDF               	goto	l617
   329  07FD                     u20:
   330  07FD                     l14:
   331  07FD  0008               	return
   332  07FE                     __end_of_DelaySeconds:
   333  007E                     btemp	set	126	;btemp
   334  007E                     wtemp0	set	126
   335                           
   336                           	psect	config
   337                           
   338                           ;Config register CONFIG @ 0x2007
   339                           ;	Oscillator Selection bits
   340                           ;	FOSC = XT, XT oscillator: Crystal/resonator on RA6/OSC2/CLKOUT and RA7/OSC1/CLKIN
   341                           ;	Watchdog Timer Enable bit
   342                           ;	WDTE = OFF, WDT disabled
   343                           ;	Power-up Timer Enable bit
   344                           ;	PWRTE = OFF, PWRT disabled
   345                           ;	RA5/MCLR/VPP Pin Function Select bit
   346                           ;	MCLRE = ON, RA5/MCLR/VPP pin function is MCLR
   347                           ;	Brown-out Detect Enable bit
   348                           ;	BOREN = OFF, BOD disabled
   349                           ;	Low-Voltage Programming Enable bit
   350                           ;	LVP = OFF, RB4/PGM pin has digital I/O function, HV on MCLR must be used for programmi
      +                          ng
   351                           ;	Data EE Memory Code Protection bit
   352                           ;	CPD = OFF, Data memory code protection off
   353                           ;	Flash Program Memory Code Protection bit
   354                           ;	CP = OFF, Code protection off
   355  2007                     	org	8199
   356  2007  3F29               	dw	16169

Data Sizes:
    Strings     0
    Constant    0
    Data        0
    BSS         0
    Persistent  0
    Stack       0

Auto Spaces:
    Space          Size  Autos    Used
    COMMON           14      8       8
    BANK0            80      0       0
    BANK1            80      0       0
    BANK2            48      0       0

Pointer List with Targets:

    None.

Critical Paths under _main in COMMON

    _main->_DelaySeconds

Critical Paths under _main in BANK0

    None.

Critical Paths under _main in BANK1

    None.

Critical Paths under _main in BANK2

    None.

Call Graph Tables:

 ---------------------------------------------------------------------------------
 (Depth) Function   	        Calls       Base Space   Used Autos Params    Refs
 ---------------------------------------------------------------------------------
 (0) _main                                                 3     3      0     105
                                              5 COMMON     3     3      0
                       _DelaySeconds
 ---------------------------------------------------------------------------------
 (1) _DelaySeconds                                         5     5      0      60
                                              0 COMMON     5     5      0
 ---------------------------------------------------------------------------------
 Estimated maximum stack depth 1
 ---------------------------------------------------------------------------------

 Call Graph Graphs:

 _main (ROOT)
   _DelaySeconds

 Address spaces:
Name               Size   Autos  Total    Cost      Usage
BITCOMMON            E      0       0       0        0.0%
EEDATA              80      0       0       0        0.0%
NULL                 0      0       0       0        0.0%
CODE                 0      0       0       0        0.0%
COMMON               E      8       8       1       57.1%
BITSFR0              0      0       0       1        0.0%
SFR0                 0      0       0       1        0.0%
BITSFR1              0      0       0       2        0.0%
SFR1                 0      0       0       2        0.0%
STACK                0      0       0       2        0.0%
BANK0               50      0       0       3        0.0%
BITSFR3              0      0       0       4        0.0%
SFR3                 0      0       0       4        0.0%
ABS                  0      0       0       4        0.0%
BITBANK0            50      0       0       5        0.0%
BITSFR2              0      0       0       5        0.0%
SFR2                 0      0       0       5        0.0%
BITBANK1            50      0       0       6        0.0%
BANK1               50      0       0       7        0.0%
BITBANK2            30      0       0       8        0.0%
BANK2               30      0       0       9        0.0%
DATA                 0      0       0      10        0.0%


Microchip Technology PIC Macro Assembler V2.35 build 20211206165544 
Symbol Table                                                                                   Sat May 14 13:33:17 2022

                     l14 07FD                       u10 07F3                       u11 07F2  
                     u20 07FD                       u21 07FC                       u30 07D8  
                     u31 07D7                       u47 07E4                      l623 07E0  
                    l631 07F7                      l615 07DD                      l625 07E9  
                    l617 07DF                      l641 07CD                      l633 07C2  
                    l627 07ED                      l643 07D3                      l635 07C4  
                    l629 07F3                      l645 07D8                      l637 07C7  
                    l639 07CB                     _main 07C2                     btemp 007E  
                   start 0000                    ?_main 0070                    _PORTB 0006  
                  _TRISB 0086                    main@I 0077                    status 0003  
                  wtemp0 007E          __initialization 07FE             __end_of_main 07DC  
                 ??_main 0075            DelaySeconds@i 0074            DelaySeconds@j 0073  
          DelaySeconds@s 0072             _DelaySeconds 07DC  __end_of__initialization 07FE  
         __pcstackCOMMON 0070               __pmaintext 07C2                  __ptext1 07DC  
   end_of_initialization 07FE      start_initialization 07FE                ___latbits 0000  
          ?_DelaySeconds 0070           ??_DelaySeconds 0070     __end_of_DelaySeconds 07FE  
