MPASM 5.77  /HOME/VILL4IN/MPLABXPROJECTS/877   7-29-2022  9:56:32         PAGE  1


LOC  OBJECT CODE     LINE SOURCE TEXT
  VALUE

                      00001 ;;;;;;;;;;;;;;;;;;;;;;;;;;;;;;;;;;;;;;;;;;;;;;;;;;;;;;;;;;;;;;;;;;;;;;;;;;;;;;;;
                      00002 ;
                      00003 ;                       ANTIREBOTE Y PARPADEO
                      00004 ;
                      00005 ;       AL PRESIONAR EL BOTON CONECTADO EN PE.0 SE SCARA EL VALOR 
                      00006 ;       0XF0 POR EL PUERTO D DURANTE 200MS Y DESPUES EL VALOR 0X0F
                      00007 ;       POR EL MISMO PUERTO D POR 200 MS
                      00008 ;               
                      00009 ;       SE EMPLEARA UNA RUTINA ANTIREBOTES EN EL PIN DONDE SE
                      00010 ;       ENCUENTRA EL BOTON, LA RUTINA DE PARPADEO COMENZARA HASTA QUE
                      00011 ;       EL BOTON SEA PRESIONADO Y SOLTADO
                      00012 ;
                      00013 ;;;;;;;;;;;;;;;;;;;;;;;;;;;;;;;;;;;;;;;;;;;;;;;;;;;;;;;;;;;;;;;;;;;;;;;;;;;;;;;;
                      00014 
                      00015 ;   CONFIGURACION DEL PIC.......................................................
                      00016     
                      00017                 PROCESSOR       16F877A
                      00018                 INCLUDE         <p16f877a.inc>
                      00001         LIST
                      00002 
                      00003 ;==========================================================================
                      00004 ; Build date : Nov 22 2017
                      00005 ;  MPASM PIC16F877A processor include
                      00006 ; 
                      00007 ;  (c) Copyright 1999-2017 Microchip Technology, All rights reserved
                      00008 ;==========================================================================
                      00009 
                      00567         LIST
                      00019                 INCLUDE         </home/vill4in/MPLABXProjects/Library.X/RutinasTiempo.asm>
                      00001 ;;;;;;;;;;;;;;;;;;;;;;;;;;;;;;;;;;;;;;;;;;;;;;;;;;;;;;;;;;;;;;;;;;;;;;;;;;;;;;;;
                      00002 ;
                      00003 ;                   SUBRUTINAS DE TIEMPO
                      00004 ;
                      00005 ;       MACROS DE SUBRUTINAS DE TIEMPO DE UNA, DOS Y TRES VARIABLES
                      00006 ;       
                      00007 ;       SE EMPLEAN LOS REGISTROS RAM DE 0X60 HASTA 0X68 PARA ALMACENAR
                      00008 ;       LAS VARIABLES
                      00009 ;
                      00010 ;;;;;;;;;;;;;;;;;;;;;;;;;;;;;;;;;;;;;;;;;;;;;;;;;;;;;;;;;;;;;;;;;;;;;;;;;;;;;;;;
                      00011     
                      00012 ;   MACRO Y SUBRUTINA DE UNA VARIABLE, CICLOS_MAQ_MAX = 1797
                      00013 ;   SE OCUPA LA DIRECCION 0X60 DE LA RAM PARA GUARDAR EL VALOR DE VAR1
                      00014     
                      00015 SUBT1V      MACRO       VAR1
                      00016             MOVLW       VAR1
                      00017             MOVWF       0X60
                      00018 ST1V:       NOP
                      00019             NOP
                      00020             NOP
                      00021             NOP
                      00022             DECFSZ      0X60,F
                      00023             GOTO        ST1V
                      00024             NOP                         ; PARA SIMULAR LOS CICLOS DE RETURN Y
MPASM 5.77  /HOME/VILL4IN/MPLABXPROJECTS/877   7-29-2022  9:56:32         PAGE  2


LOC  OBJECT CODE     LINE SOURCE TEXT
  VALUE

                      00025             NOP                         ; LOS DE CALL
                      00026             NOP
                      00027             NOP
                      00028             ENDM
                      00029     
                      00030 ;   MACRO Y SUBRUTINA DE DOS VARIABLES, CICLOS_MAQ_MAX = 459,783
                      00031 ;   SE OCUPA LA DIRECCION 0X61,62 DE LA RAM PARA GUARDAR EL VALOR DE VAR1,
                      00032 ;   VAR2
                      00033 ;   TAMBIEN SE OCUPA LA DIRECCION  0X63 COMO REGISTRO AUXILIAR EN EL DECREMENTO
                      00034     
                      00035 SUBT2V      MACRO       VAR1,VAR2
                      00036             MOVLW       VAR1
                      00037             MOVWF       0X61            ; VALOR DE MAYOR PESO EN ANIDACION
                      00038             MOVLW       VAR2
                      00039             MOVWF       0X62
                      00040             MOVF        0X62,W
                      00041             MOVWF       0X63
                      00042             NOP
                      00043             NOP
                      00044             NOP
                      00045             NOP
                      00046             DECFSZ      0X63,F
                      00047             GOTO        $-5
                      00048             DECFSZ      0X61,F
                      00049             GOTO        $-9
                      00050             NOP                         ; PARA SIMULAR LOS CICLOS DE RETURN Y
                      00051             NOP                         ; LOS DE CALL
                      00052             NOP
                      00053             NOP
                      00054             ENDM
                      00055 
                      00056 
                      00057             
                      00058 ;   MACRO Y SUBRUTINA DE TRES VARIABLES, CICLOS_MAQ_MAX = 117,703,689
                      00059 ;   SE OCUPA LA DIRECCION 0X64,65,66 DE LA RAM PARA GUARDAR EL VALOR DE VAR1,
                      00060 ;   VAR2,VAR3
                      00061 ;   TAMBIEN SE OCUPAN LOS REGISTROS, 0X67 Y 0X68 COMO AUXILIARES
                      00062     
                      00063 SUBT3V      MACRO       VAR1,VAR2,VAR3
                      00064             MOVLW       VAR1
                      00065             MOVWF       0X64            ; VALOR DE MAYOR PESO EN ANIDACION
                      00066             MOVLW       VAR2
                      00067             MOVWF       0X65
                      00068             MOVLW       VAR3            ; VALOR DE MENOR PESO EN ANIDACION
                      00069             MOVWF       0X66
                      00070             MOVF        0X65,W          ; VAR2
                      00071             MOVWF       0X67
                      00072             MOVF        0X66,W          ; VAR3
                      00073             MOVWF       0X68
                      00074             NOP
                      00075             NOP
                      00076             NOP
                      00077             NOP
MPASM 5.77  /HOME/VILL4IN/MPLABXPROJECTS/877   7-29-2022  9:56:32         PAGE  3


LOC  OBJECT CODE     LINE SOURCE TEXT
  VALUE

                      00078             DECFSZ      0X68,F          ; VAR3_AUX
                      00079             GOTO        $-5
                      00080             DECFSZ      0X67,F          ; VAR2_AUX
                      00081             GOTO        $-9
                      00082             DECFSZ      0X64,F          ; VAR1
                      00083             GOTO        $-13
                      00084             NOP                         ; PARA SIMULAR LOS CICLOS DE RETURN Y
                      00085             NOP                         ; LOS DE CALL
                      00086             NOP
                      00087             NOP
                      00088             ENDM
                      00089             
                      00090             
                      00091             
2007   3F31           00020                 __CONFIG        0X3F31
                      00021                 ORG             0X0000
                      00022                 
                      00023 ;   CONFIGURACION DE LOS PUERTOS................................................
                      00024 
0000   0185           00025                 CLRF            PORTA
0001   0186           00026                 CLRF            PORTB
0002   0187           00027                 CLRF            PORTC
0003   0188           00028                 CLRF            PORTD
0004   1683           00029                 BSF             STATUS,RP0
Message[302]: Register in operand not in bank 0.  Ensure that bank bits are correct.
0005   0188           00030                 CLRF            TRISD
0006   1283           00031                 BCF             STATUS,RP0
                      00032 
                      00033 ;   PROGRAMA PRINCIPAL
                      00034                 
                      00035 ;               BTFSS           PORTB,1
                      00036 ;               GOTO            $-1
                      00037 ;               SUBT2V          .32,.111        ; 25 MS PARA EVITAR EL REBOTE
                      00038 ;               BTFSC           PORTB,1
                      00039 ;               GOTO            $-1
                      00040 ;               SUBT2V          .32,.111        ; 25 MS PARA EVITAR EL REBOTE
                      00041                 
0007   30F0           00042 PARPADEO:       MOVLW           0XF0
0008   0088           00043                 MOVWF           PORTD
                      00044                 SUBT2V          .243,.117       ; DELAY DE 200MS
0009   30F3               M             MOVLW       .243
000A   00E1               M             MOVWF       0X61            ; VALOR DE MAYOR PESO EN ANIDACION
000B   3075               M             MOVLW       .117
000C   00E2               M             MOVWF       0X62
000D   0862               M             MOVF        0X62,W
000E   00E3               M             MOVWF       0X63
000F   0000               M             NOP
0010   0000               M             NOP
0011   0000               M             NOP
0012   0000               M             NOP
0013   0BE3               M             DECFSZ      0X63,F
0014   2???               M             GOTO        $-5
0015   0BE1               M             DECFSZ      0X61,F
MPASM 5.77  /HOME/VILL4IN/MPLABXPROJECTS/877   7-29-2022  9:56:32         PAGE  4


LOC  OBJECT CODE     LINE SOURCE TEXT
  VALUE

0016   2???               M             GOTO        $-9
0017   0000               M             NOP                         ; PARA SIMULAR LOS CICLOS DE RETURN Y
0018   0000               M             NOP                         ; LOS DE CALL
0019   0000               M             NOP
001A   0000               M             NOP
001B   0000           00045                 NOP                             ; COMPLETA LOS CICLOS FALTANTES
001C   0000           00046                 NOP
001D   0000           00047                 NOP
001E   0000           00048                 NOP
001F   0E88           00049                 SWAPF           PORTD,F
                      00050                 SUBT2V          .243,.117       ; DELAY DE 200MS
0020   30F3               M             MOVLW       .243
0021   00E1               M             MOVWF       0X61            ; VALOR DE MAYOR PESO EN ANIDACION
0022   3075               M             MOVLW       .117
0023   00E2               M             MOVWF       0X62
0024   0862               M             MOVF        0X62,W
0025   00E3               M             MOVWF       0X63
0026   0000               M             NOP
0027   0000               M             NOP
0028   0000               M             NOP
0029   0000               M             NOP
002A   0BE3               M             DECFSZ      0X63,F
002B   2???               M             GOTO        $-5
002C   0BE1               M             DECFSZ      0X61,F
002D   2???               M             GOTO        $-9
002E   0000               M             NOP                         ; PARA SIMULAR LOS CICLOS DE RETURN Y
002F   0000               M             NOP                         ; LOS DE CALL
0030   0000               M             NOP
0031   0000               M             NOP
0032   0000           00051                 NOP                             ; COMPLETA LOS CICLOS FALTANTES
0033   0000           00052                 NOP                             
0034   0000           00053                 NOP
0035   0000           00054                 NOP
0036   2???           00055                 GOTO            PARPADEO
3F31                  00056                 END
MPASM 5.77  /HOME/VILL4IN/MPLABXPROJECTS/877   7-29-2022  9:56:32         PAGE  5


SYMBOL TABLE
  LABEL                             VALUE 

ACKDT                             00000005
ACKEN                             00000004
ACKSTAT                           00000006
ADCON0                            0000001F
ADCON1                            0000009F
ADCS0                             00000006
ADCS1                             00000007
ADCS2                             00000006
ADDEN                             00000003
ADFM                              00000007
ADIE                              00000006
ADIF                              00000006
ADON                              00000000
ADRESH                            0000001E
ADRESL                            0000009E
BCLIE                             00000003
BCLIF                             00000003
BF                                00000000
BRGH                              00000002
C                                 00000000
C1INV                             00000004
C1OUT                             00000006
C2INV                             00000005
C2OUT                             00000007
CCP1CON                           00000017
CCP1IE                            00000002
CCP1IF                            00000002
CCP1M0                            00000000
CCP1M1                            00000001
CCP1M2                            00000002
CCP1M3                            00000003
CCP1X                             00000005
CCP1Y                             00000004
CCP2CON                           0000001D
CCP2IE                            00000000
CCP2IF                            00000000
CCP2M0                            00000000
CCP2M1                            00000001
CCP2M2                            00000002
CCP2M3                            00000003
CCP2X                             00000005
CCP2Y                             00000004
CCPR1                             00000015
CCPR1H                            00000016
CCPR1L                            00000015
CCPR2                             0000001B
CCPR2H                            0000001C
CCPR2L                            0000001B
CHS0                              00000003
CHS1                              00000004
CHS2                              00000005
CIS                               00000003
CKE                               00000006
MPASM 5.77  /HOME/VILL4IN/MPLABXPROJECTS/877   7-29-2022  9:56:32         PAGE  6


SYMBOL TABLE
  LABEL                             VALUE 

CKP                               00000004
CM0                               00000000
CM1                               00000001
CM2                               00000002
CMCON                             0000009C
CMIE                              00000006
CMIF                              00000006
CREN                              00000004
CSRC                              00000007
CVR0                              00000000
CVR1                              00000001
CVR2                              00000002
CVR3                              00000003
CVRCON                            0000009D
CVREN                             00000007
CVROE                             00000006
CVRR                              00000005
D                                 00000005
DATA_ADDRESS                      00000005
DC                                00000001
D_A                               00000005
D_NOT_A                           00000005
EEADR                             0000010D
EEADRH                            0000010F
EECON1                            0000018C
EECON2                            0000018D
EEDATA                            0000010C
EEDATH                            0000010E
EEIE                              00000004
EEIF                              00000004
EEPGD                             00000007
F                                 00000001
FERR                              00000002
FSR                               00000004
GCEN                              00000007
GIE                               00000007
GO                                00000002
GO_DONE                           00000002
GO_NOT_DONE                       00000002
I2C_DATA                          00000005
I2C_READ                          00000002
I2C_START                         00000003
I2C_STOP                          00000004
IBF                               00000007
IBOV                              00000005
INDF                              00000000
INTCON                            0000000B
INTE                              00000004
INTEDG                            00000006
INTF                              00000001
IRP                               00000007
NOT_A                             00000005
NOT_ADDRESS                       00000005
MPASM 5.77  /HOME/VILL4IN/MPLABXPROJECTS/877   7-29-2022  9:56:32         PAGE  7


SYMBOL TABLE
  LABEL                             VALUE 

NOT_BO                            00000000
NOT_BOR                           00000000
NOT_DONE                          00000002
NOT_PD                            00000003
NOT_POR                           00000001
NOT_RBPU                          00000007
NOT_RC8                           00000006
NOT_T1SYNC                        00000002
NOT_TO                            00000004
NOT_TX8                           00000006
NOT_W                             00000002
NOT_WRITE                         00000002
OBF                               00000006
OERR                              00000001
OPTION_REG                        00000081
P                                 00000004
PARPADEO                          00000007
PCFG0                             00000000
PCFG1                             00000001
PCFG2                             00000002
PCFG3                             00000003
PCL                               00000002
PCLATH                            0000000A
PCON                              0000008E
PEIE                              00000006
PEN                               00000002
PIE1                              0000008C
PIE2                              0000008D
PIR1                              0000000C
PIR2                              0000000D
PORTA                             00000005
PORTB                             00000006
PORTC                             00000007
PORTD                             00000008
PORTE                             00000009
PR2                               00000092
PS0                               00000000
PS1                               00000001
PS2                               00000002
PSA                               00000003
PSPIE                             00000007
PSPIF                             00000007
PSPMODE                           00000004
R                                 00000002
RA0                               00000000
RA1                               00000001
RA2                               00000002
RA3                               00000003
RA4                               00000004
RA5                               00000005
RB0                               00000000
RB1                               00000001
RB2                               00000002
MPASM 5.77  /HOME/VILL4IN/MPLABXPROJECTS/877   7-29-2022  9:56:32         PAGE  8


SYMBOL TABLE
  LABEL                             VALUE 

RB3                               00000003
RB4                               00000004
RB5                               00000005
RB6                               00000006
RB7                               00000007
RBIE                              00000003
RBIF                              00000000
RC0                               00000000
RC1                               00000001
RC2                               00000002
RC3                               00000003
RC4                               00000004
RC5                               00000005
RC6                               00000006
RC7                               00000007
RC8_9                             00000006
RC9                               00000006
RCD8                              00000000
RCEN                              00000003
RCIE                              00000005
RCIF                              00000005
RCREG                             0000001A
RCSTA                             00000018
RD                                00000000
RD0                               00000000
RD1                               00000001
RD2                               00000002
RD3                               00000003
RD4                               00000004
RD5                               00000005
RD6                               00000006
RD7                               00000007
RE0                               00000000
RE1                               00000001
RE2                               00000002
READ_WRITE                        00000002
RP0                               00000005
RP1                               00000006
RSEN                              00000001
RX9                               00000006
RX9D                              00000000
R_NOT_W                           00000002
R_W                               00000002
S                                 00000003
SEN                               00000000
SMP                               00000007
SPBRG                             00000099
SPEN                              00000007
SREN                              00000005
SSPADD                            00000093
SSPBUF                            00000013
SSPCON                            00000014
SSPCON2                           00000091
MPASM 5.77  /HOME/VILL4IN/MPLABXPROJECTS/877   7-29-2022  9:56:32         PAGE  9


SYMBOL TABLE
  LABEL                             VALUE 

SSPEN                             00000005
SSPIE                             00000003
SSPIF                             00000003
SSPM0                             00000000
SSPM1                             00000001
SSPM2                             00000002
SSPM3                             00000003
SSPOV                             00000006
SSPSTAT                           00000094
STATUS                            00000003
SUBT1V                            
SUBT2V                            
SUBT3V                            
SYNC                              00000004
T0CS                              00000005
T0IE                              00000005
T0IF                              00000002
T0SE                              00000004
T1CKPS0                           00000004
T1CKPS1                           00000005
T1CON                             00000010
T1INSYNC                          00000002
T1OSCEN                           00000003
T1SYNC                            00000002
T2CKPS0                           00000000
T2CKPS1                           00000001
T2CON                             00000012
TMR0                              00000001
TMR0IE                            00000005
TMR0IF                            00000002
TMR1                              0000000E
TMR1CS                            00000001
TMR1H                             0000000F
TMR1IE                            00000000
TMR1IF                            00000000
TMR1L                             0000000E
TMR1ON                            00000000
TMR2                              00000011
TMR2IE                            00000001
TMR2IF                            00000001
TMR2ON                            00000002
TOUTPS0                           00000003
TOUTPS1                           00000004
TOUTPS2                           00000005
TOUTPS3                           00000006
TRISA                             00000085
TRISA0                            00000000
TRISA1                            00000001
TRISA2                            00000002
TRISA3                            00000003
TRISA4                            00000004
TRISA5                            00000005
TRISB                             00000086
MPASM 5.77  /HOME/VILL4IN/MPLABXPROJECTS/877   7-29-2022  9:56:32         PAGE 10


SYMBOL TABLE
  LABEL                             VALUE 

TRISB0                            00000000
TRISB1                            00000001
TRISB2                            00000002
TRISB3                            00000003
TRISB4                            00000004
TRISB5                            00000005
TRISB6                            00000006
TRISB7                            00000007
TRISC                             00000087
TRISC0                            00000000
TRISC1                            00000001
TRISC2                            00000002
TRISC3                            00000003
TRISC4                            00000004
TRISC5                            00000005
TRISC6                            00000006
TRISC7                            00000007
TRISD                             00000088
TRISD0                            00000000
TRISD1                            00000001
TRISD2                            00000002
TRISD3                            00000003
TRISD4                            00000004
TRISD5                            00000005
TRISD6                            00000006
TRISD7                            00000007
TRISE                             00000089
TRISE0                            00000000
TRISE1                            00000001
TRISE2                            00000002
TRMT                              00000001
TX8_9                             00000006
TX9                               00000006
TX9D                              00000000
TXD8                              00000000
TXEN                              00000005
TXIE                              00000004
TXIF                              00000004
TXREG                             00000019
TXSTA                             00000098
UA                                00000001
W                                 00000000
WCOL                              00000007
WR                                00000001
WREN                              00000002
WRERR                             00000003
Z                                 00000002
_.org_0_0014                      00000014
_.org_0_0016                      00000016
_.org_0_002B                      0000002B
_.org_0_002D                      0000002D
_BODEN_OFF                        00003FBF
_BODEN_ON                         00003FFF
MPASM 5.77  /HOME/VILL4IN/MPLABXPROJECTS/877   7-29-2022  9:56:32         PAGE 11


SYMBOL TABLE
  LABEL                             VALUE 

_BOREN_OFF                        00003FBF
_BOREN_ON                         00003FFF
_CONFIG                           00002007
_CPD_OFF                          00003FFF
_CPD_ON                           00003EFF
_CP_ALL                           00001FFF
_CP_OFF                           00003FFF
_CP_ON                            00001FFF
_DEBUG_OFF                        00003FFF
_DEBUG_ON                         000037FF
_DEVID1                           00002006
_FOSC_EXTRC                       00003FFF
_FOSC_HS                          00003FFE
_FOSC_LP                          00003FFC
_FOSC_XT                          00003FFD
_HS_OSC                           00003FFE
_IDLOC0                           00002000
_IDLOC1                           00002001
_IDLOC2                           00002002
_IDLOC3                           00002003
_LP_OSC                           00003FFC
_LVP_OFF                          00003F7F
_LVP_ON                           00003FFF
_PWRTE_OFF                        00003FFF
_PWRTE_ON                         00003FF7
_RC_OSC                           00003FFF
_WDTE_OFF                         00003FFB
_WDTE_ON                          00003FFF
_WDT_OFF                          00003FFB
_WDT_ON                           00003FFF
_WRT_1FOURTH                      00003BFF
_WRT_256                          00003DFF
_WRT_HALF                         000039FF
_WRT_OFF                          00003FFF
_XT_OSC                           00003FFD
__16F877A                         00000001

Errors   :     0
Warnings :     0 reported,     0 suppressed
Messages :     1 reported,     0 suppressed

