

Microchip MPLAB XC8 Assembler V2.35 build 20211206165544 
                                                                                               Sat May 14 21:30:10 2022

Microchip MPLAB XC8 C Compiler v2.35 (Free license) build 20211206165544 Og1 
     1                           	processor	16F628A
     2                           	pagewidth 120
     3                           	opt	flic
     4                           	psect	strings,global,class=STRING,delta=2,noexec
     5                           	psect	cinit,global,class=CODE,merge=1,delta=2
     6                           	psect	cstackCOMMON,global,class=COMMON,space=1,delta=1,noexec
     7                           	psect	maintext,global,class=CODE,split=1,delta=2
     8                           	psect	config,global,abs,ovrld,class=CONFIG,space=4,delta=2,noexec
     9                           	dabs	1,0x7E,2
    10  0000                     
    11                           ; Version 2.35
    12                           ; Generated 06/12/2021 GMT
    13                           ; 
    14                           ; Copyright © 2021, Microchip Technology Inc. and its subsidiaries ("Microchip")
    15                           ; All rights reserved.
    16                           ; 
    17                           ; This software is developed by Microchip Technology Inc. and its subsidiaries ("Microch
      +                          ip").
    18                           ; 
    19                           ; Redistribution and use in source and binary forms, with or without modification, are
    20                           ; permitted provided that the following conditions are met:
    21                           ; 
    22                           ;     1. Redistributions of source code must retain the above copyright notice, this lis
      +                          t of
    23                           ;        conditions and the following disclaimer.
    24                           ; 
    25                           ;     2. Redistributions in binary form must reproduce the above copyright notice, this 
      +                          list
    26                           ;        of conditions and the following disclaimer in the documentation and/or other
    27                           ;        materials provided with the distribution. Publication is not required when
    28                           ;        this file is used in an embedded application.
    29                           ; 
    30                           ;     3. Microchip's name may not be used to endorse or promote products derived from th
      +                          is
    31                           ;        software without specific prior written permission.
    32                           ; 
    33                           ; THIS SOFTWARE IS PROVIDED BY MICROCHIP "AS IS" AND ANY EXPRESS OR IMPLIED WARRANTIES,
    34                           ; INCLUDING, BUT NOT LIMITED TO, THE IMPLIED WARRANTIES OF MERCHANTABILITY AND FITNESS F
      +                          OR
    35                           ; PURPOSE ARE DISCLAIMED.  IN NO EVENT SHALL MICROCHIP BE LIABLE FOR ANY DIRECT, INDIREC
      +                          T,
    36                           ; INCIDENTAL, SPECIAL, EXEMPLARY, OR CONSEQUENTIAL DAMAGES (INCLUDING BUT NOT LIMITED TO
    37                           ; PROCUREMENT OF SUBSTITUTE GOODS OR SERVICES; LOSS OF USE, DATA OR PROFITS; OR BUSINESS
    38                           ; INTERRUPTION) HOWSOEVER CAUSED AND ON ANY THEORY OF LIABILITY, WHETHER IN CONTRACT, ST
      +                          RICT
    39                           ; LIABILITY, OR TORT (INCLUDING NEGLIGENCE OR OTHERWISE) ARISING IN ANY WAY OUT OF THE U
      +                          SE OF
    40                           ; THIS SOFTWARE, EVEN IF ADVISED OF THE POSSIBILITY OF SUCH DAMAGE.
    41                           ; 
    42                           ; 
    43                           ; Code-generator required, PIC16F628A Definitions
    44                           ; 
    45                           ; SFR Addresses
    46  0000                     	;# 
    47  0001                     	;# 
    48  0002                     	;# 
    49  0003                     	;# 
    50  0004                     	;# 
    51  0005                     	;# 
    52  0006                     	;# 
    53  000A                     	;# 
    54  000B                     	;# 
    55  000C                     	;# 
    56  000E                     	;# 
    57  000E                     	;# 
    58  000F                     	;# 
    59  0010                     	;# 
    60  0011                     	;# 
    61  0012                     	;# 
    62  0015                     	;# 
    63  0015                     	;# 
    64  0016                     	;# 
    65  0017                     	;# 
    66  0018                     	;# 
    67  0019                     	;# 
    68  001A                     	;# 
    69  001F                     	;# 
    70  0081                     	;# 
    71  0085                     	;# 
    72  0086                     	;# 
    73  008C                     	;# 
    74  008E                     	;# 
    75  0092                     	;# 
    76  0098                     	;# 
    77  0099                     	;# 
    78  009A                     	;# 
    79  009B                     	;# 
    80  009C                     	;# 
    81  009D                     	;# 
    82  009F                     	;# 
    83  0000                     	;# 
    84  0001                     	;# 
    85  0002                     	;# 
    86  0003                     	;# 
    87  0004                     	;# 
    88  0005                     	;# 
    89  0006                     	;# 
    90  000A                     	;# 
    91  000B                     	;# 
    92  000C                     	;# 
    93  000E                     	;# 
    94  000E                     	;# 
    95  000F                     	;# 
    96  0010                     	;# 
    97  0011                     	;# 
    98  0012                     	;# 
    99  0015                     	;# 
   100  0015                     	;# 
   101  0016                     	;# 
   102  0017                     	;# 
   103  0018                     	;# 
   104  0019                     	;# 
   105  001A                     	;# 
   106  001F                     	;# 
   107  0081                     	;# 
   108  0085                     	;# 
   109  0086                     	;# 
   110  008C                     	;# 
   111  008E                     	;# 
   112  0092                     	;# 
   113  0098                     	;# 
   114  0099                     	;# 
   115  009A                     	;# 
   116  009B                     	;# 
   117  009C                     	;# 
   118  009D                     	;# 
   119  009F                     	;# 
   120                           
   121                           	psect	strings
   122  0001                     __pstrings:
   123  0001                     stringtab:
   124  0001                     __stringtab:
   125  0001                     stringcode:	
   126                           ;	String table - string pointers are 1 byte each
   127                           
   128  0001                     stringdir:
   129  0001  3000               	movlw	high stringdir
   130  0002  008A               	movwf	10
   131  0003  0804               	movf	4,w
   132  0004  0A84               	incf	4,f
   133  0005  0782               	addwf	2,f
   134  0006                     __stringbase:
   135  0006  3400               	retlw	0
   136  0007                     __end_of__stringtab:
   137  0007                     main@b4_b7:
   138  0007  34F0               	retlw	240
   139  0008                     __end_ofmain@b4_b7:
   140  0008                     main@b0_b3:
   141  0008  340F               	retlw	15
   142  0009                     __end_ofmain@b0_b3:
   143  0006                     _PORTB	set	6
   144  0005                     _PORTAbits	set	5
   145  001F                     _CMCONbits	set	31
   146  0086                     _TRISB	set	134
   147  0085                     _TRISAbits	set	133
   148                           
   149                           	psect	cinit
   150  07FE                     start_initialization:	
   151                           ; #config settings
   152                           
   153  07FE                     __initialization:
   154  07FE                     end_of_initialization:	
   155                           ;End of C runtime variable initialization code
   156                           
   157  07FE                     __end_of__initialization:
   158  07FE  0183               	clrf	3
   159  07FF  2FEA               	ljmp	_main	;jump to C main() function
   160                           
   161                           	psect	cstackCOMMON
   162  0000                     __pcstackCOMMON:
   163  0000                     ??_main:
   164  0000                     ?_main:	
   165                           ; 1 bytes @ 0x0
   166                           
   167                           
   168                           	psect	maintext
   169  07EA                     __pmaintext:	
   170                           ; 2 bytes @ 0x0
   171 ;;
   172 ;;Main: autosize = 0, tempsize = 0, incstack = 0, save=0
   173 ;;
   174 ;; *************** function _main *****************
   175 ;; Defined at:
   176 ;;		line 36 in file "newmain.c"
   177 ;; Parameters:    Size  Location     Type
   178 ;;		None
   179 ;; Auto vars:     Size  Location     Type
   180 ;;		None
   181 ;; Return value:  Size  Location     Type
   182 ;;                  2   14[None  ] int 
   183 ;; Registers used:
   184 ;;		wreg, status,2, status,0
   185 ;; Tracked objects:
   186 ;;		On entry : B00/0
   187 ;;		On exit  : 0/0
   188 ;;		Unchanged: 0/0
   189 ;; Data sizes:     COMMON   BANK0   BANK1   BANK2
   190 ;;      Params:         0       0       0       0
   191 ;;      Locals:         0       0       0       0
   192 ;;      Temps:          0       0       0       0
   193 ;;      Totals:         0       0       0       0
   194 ;;Total ram usage:        0 bytes
   195 ;; This function calls:
   196 ;;		Nothing
   197 ;; This function is called by:
   198 ;;		Startup code after reset
   199 ;; This function uses a non-reentrant model
   200 ;;
   201                           
   202  07EA                     _main:	
   203                           ;psect for function _main
   204                           
   205  07EA                     l616:	
   206                           ;incstack = 0
   207                           ; Regs used in _main: [wreg+status,2+status,0]
   208                           
   209                           
   210                           ;newmain.c: 38:     CMCONbits.CM = 0b111;
   211  07EA  3007               	movlw	7
   212  07EB  1283               	bcf	3,5	;RP0=0, select bank0
   213  07EC  1303               	bcf	3,6	;RP1=0, select bank0
   214  07ED  049F               	iorwf	31,f	;volatile
   215  07EE                     l618:
   216                           
   217                           ;newmain.c: 39:     TRISAbits.TRISA1 = 1;
   218  07EE  1683               	bsf	3,5	;RP0=1, select bank1
   219  07EF  1303               	bcf	3,6	;RP1=0, select bank1
   220  07F0  1485               	bsf	5,1	;volatile
   221  07F1                     l620:
   222                           
   223                           ;newmain.c: 40:     TRISB = 0;
   224  07F1  0186               	clrf	6	;volatile
   225  07F2                     l622:
   226                           
   227                           ;newmain.c: 46:     {;newmain.c: 47:         if(PORTAbits.RA1 == 1)
   228  07F2  1283               	bcf	3,5	;RP0=0, select bank0
   229  07F3  1C85               	btfss	5,1	;volatile
   230  07F4  2FF6               	goto	u11
   231  07F5  2FF7               	goto	u10
   232  07F6                     u11:
   233  07F6  2FFA               	goto	l626
   234  07F7                     u10:
   235  07F7                     l624:
   236                           
   237                           ;newmain.c: 48:         {;newmain.c: 49:             PORTB = b0_b3;
   238  07F7  300F               	movlw	15
   239  07F8  0086               	movwf	6	;volatile
   240                           
   241                           ;newmain.c: 50:         }
   242  07F9  2FF2               	goto	l622
   243  07FA                     l626:
   244                           
   245                           ;newmain.c: 52:         {;newmain.c: 53:             PORTB = b4_b7;
   246  07FA  30F0               	movlw	240
   247  07FB  0086               	movwf	6	;volatile
   248  07FC  2FF2               	goto	l622
   249  07FD  2800               	ljmp	start
   250  07FE                     __end_of_main:
   251  007E                     btemp	set	126	;btemp
   252  007E                     wtemp0	set	126
   253                           
   254                           	psect	config
   255                           
   256                           ;Config register CONFIG @ 0x2007
   257                           ;	Oscillator Selection bits
   258                           ;	FOSC = XT, XT oscillator: Crystal/resonator on RA6/OSC2/CLKOUT and RA7/OSC1/CLKIN
   259                           ;	Watchdog Timer Enable bit
   260                           ;	WDTE = OFF, WDT disabled
   261                           ;	Power-up Timer Enable bit
   262                           ;	PWRTE = OFF, PWRT disabled
   263                           ;	RA5/MCLR/VPP Pin Function Select bit
   264                           ;	MCLRE = ON, RA5/MCLR/VPP pin function is MCLR
   265                           ;	Brown-out Detect Enable bit
   266                           ;	BOREN = OFF, BOD disabled
   267                           ;	Low-Voltage Programming Enable bit
   268                           ;	LVP = OFF, RB4/PGM pin has digital I/O function, HV on MCLR must be used for programmi
      +                          ng
   269                           ;	Data EE Memory Code Protection bit
   270                           ;	CPD = OFF, Data memory code protection off
   271                           ;	Flash Program Memory Code Protection bit
   272                           ;	CP = OFF, Code protection off
   273  2007                     	org	8199
   274  2007  3F29               	dw	16169

Data Sizes:
    Strings     0
    Constant    2
    Data        0
    BSS         0
    Persistent  0
    Stack       0

Auto Spaces:
    Space          Size  Autos    Used
    COMMON           14      0       0
    BANK0            80      0       0
    BANK1            80      0       0
    BANK2            48      0       0

Pointer List with Targets:

    None.

Critical Paths under _main in COMMON

    None.

Critical Paths under _main in BANK0

    None.

Critical Paths under _main in BANK1

    None.

Critical Paths under _main in BANK2

    None.

Call Graph Tables:

 ---------------------------------------------------------------------------------
 (Depth) Function   	        Calls       Base Space   Used Autos Params    Refs
 ---------------------------------------------------------------------------------
 (0) _main                                                 0     0      0       0
 ---------------------------------------------------------------------------------
 Estimated maximum stack depth 0
 ---------------------------------------------------------------------------------

 Call Graph Graphs:

 _main (ROOT)

 Address spaces:
Name               Size   Autos  Total    Cost      Usage
BITCOMMON            E      0       0       0        0.0%
EEDATA              80      0       0       0        0.0%
NULL                 0      0       0       0        0.0%
CODE                 0      0       0       0        0.0%
COMMON               E      0       0       1        0.0%
BITSFR0              0      0       0       1        0.0%
SFR0                 0      0       0       1        0.0%
BITSFR1              0      0       0       2        0.0%
SFR1                 0      0       0       2        0.0%
STACK                0      0       0       2        0.0%
BANK0               50      0       0       3        0.0%
BITSFR3              0      0       0       4        0.0%
SFR3                 0      0       0       4        0.0%
ABS                  0      0       0       4        0.0%
BITBANK0            50      0       0       5        0.0%
BITSFR2              0      0       0       5        0.0%
SFR2                 0      0       0       5        0.0%
BITBANK1            50      0       0       6        0.0%
BANK1               50      0       0       7        0.0%
BITBANK2            30      0       0       8        0.0%
BANK2               30      0       0       9        0.0%
DATA                 0      0       0      10        0.0%


Microchip Technology PIC Macro Assembler V2.35 build 20211206165544 
Symbol Table                                                                                   Sat May 14 21:30:10 2022

                      pc 0002                       u10 07F7                       u11 07F6  
                     fsr 0004                      l620 07F1                      l622 07F2  
                    l624 07F7                      l616 07EA                      l626 07FA  
                    l618 07EE                     _main 07EA                     btemp 007E  
                   start 0000                    ?_main 0000                    _PORTB 0006  
                  _TRISB 0086                    pclath 000A                    status 0003  
                  wtemp0 007E          __initialization 07FE             __end_of_main 07FE  
                 ??_main 0000  __end_of__initialization 07FE           __pcstackCOMMON 0000  
             __pmaintext 07EA               __stringtab 0001                _CMCONbits 001F  
   end_of_initialization 07FE        __end_ofmain@b0_b3 0009        __end_ofmain@b4_b7 0008  
              _PORTAbits 0005                _TRISAbits 0085      start_initialization 07FE  
              ___latbits 0000                __pstrings 0001                main@b0_b3 0008  
              main@b4_b7 0007              __stringbase 0006       __end_of__stringtab 0007  
              stringcode 0001                 stringdir 0001                 stringtab 0001  
